  [1m[36m (77.0ms)[0m  [1mCREATE TABLE "schema_migrations" ("version" varchar(255) NOT NULL) [0m
  [1m[35m (98.0ms)[0m  CREATE UNIQUE INDEX "unique_schema_migrations" ON "schema_migrations" ("version")
  [1m[36mActiveRecord::SchemaMigration Load (1.0ms)[0m  [1mSELECT "schema_migrations".* FROM "schema_migrations"[0m
Migrating to CreateUsers (20131231131105)
  [1m[35m (0.0ms)[0m  begin transaction
  [1m[36m (1.0ms)[0m  [1mCREATE TABLE "users" ("id" INTEGER PRIMARY KEY AUTOINCREMENT NOT NULL, "email" varchar(255), "password_hash" varchar(255), "created_at" datetime, "updated_at" datetime) [0m
  [1m[35mSQL (0.0ms)[0m  INSERT INTO "schema_migrations" ("version") VALUES (?)  [["version", "20131231131105"]]
  [1m[36m (95.0ms)[0m  [1mcommit transaction[0m
  [1m[35mActiveRecord::SchemaMigration Load (0.0ms)[0m  SELECT "schema_migrations".* FROM "schema_migrations"


Started GET "/" for 127.0.0.1 at 2013-12-31 15:30:03 +0200
  [1m[36mActiveRecord::SchemaMigration Load (0.0ms)[0m  [1mSELECT "schema_migrations".* FROM "schema_migrations"[0m
Processing by UsersController#new as HTML
ERROR: compiling _app_views_users_new_html_erb___199707342_32953056 RAISED D:/ror/auth/app/views/users/new.html.erb:41: syntax error, unexpected keyword_ensure, expecting keyword_end
D:/ror/auth/app/views/users/new.html.erb:43: syntax error, unexpected $end, expecting keyword_end
Function body:           def _app_views_users_new_html_erb___199707342_32953056(local_assigns, output_buffer)
            _old_virtual_path, @virtual_path = @virtual_path, "users/new";_old_output_buffer = @output_buffer;;@output_buffer = output_buffer || ActionView::OutputBuffer.new;@output_buffer.safe_append='<h1>
	Sign Up
</h1>

';@output_buffer.append=  form_for @user do |f| @output_buffer.safe_append='
';	 if @user.errors.any? 
@output_buffer.safe_append='		<div class="error_messages">
			<h2>
				Form is invalid
			</h2>
			
			<ul>
';				 for message in @user.errors.full_messages 
@output_buffer.safe_append='				<li>
					';@output_buffer.append=( message );@output_buffer.safe_append='
				</li>
			</ul>
		</div>
';	 end 
@output_buffer.safe_append='	
	<p>
		';@output_buffer.append=( f.label :email );@output_buffer.safe_append='<br />
		';@output_buffer.append=( f.text_field :email );@output_buffer.safe_append='<br />
	</p>

	<p>
		';@output_buffer.append=( f.label :password );@output_buffer.safe_append='<br />
		';@output_buffer.append=( f.password_field :password );@output_buffer.safe_append='<br />
	</p>

	<p>
		';@output_buffer.append=( f.label :password_confirmation );@output_buffer.safe_append='<br />
		';@output_buffer.append=( f.password_field :password_confirmation );@output_buffer.safe_append='<br />
	</p>
	
	<p class="button">
		';@output_buffer.append=( f.submit );@output_buffer.safe_append='
	</p>
'; end 
@output_buffer.to_s
          ensure
            @virtual_path, @output_buffer = _old_virtual_path, _old_output_buffer
          end

Backtrace: D:/Ruby193/lib/ruby/gems/1.9.1/gems/actionpack-4.0.2/lib/action_view/template.rb:299:in `module_eval'
D:/Ruby193/lib/ruby/gems/1.9.1/gems/actionpack-4.0.2/lib/action_view/template.rb:299:in `compile'
D:/Ruby193/lib/ruby/gems/1.9.1/gems/actionpack-4.0.2/lib/action_view/template.rb:248:in `block in compile!'
<internal:prelude>:10:in `synchronize'
D:/Ruby193/lib/ruby/gems/1.9.1/gems/actionpack-4.0.2/lib/action_view/template.rb:236:in `compile!'
D:/Ruby193/lib/ruby/gems/1.9.1/gems/actionpack-4.0.2/lib/action_view/template.rb:142:in `block in render'
D:/Ruby193/lib/ruby/gems/1.9.1/gems/activesupport-4.0.2/lib/active_support/notifications.rb:161:in `instrument'
D:/Ruby193/lib/ruby/gems/1.9.1/gems/actionpack-4.0.2/lib/action_view/template.rb:141:in `render'
D:/Ruby193/lib/ruby/gems/1.9.1/gems/actionpack-4.0.2/lib/action_view/renderer/template_renderer.rb:49:in `block (2 levels) in render_template'
D:/Ruby193/lib/ruby/gems/1.9.1/gems/actionpack-4.0.2/lib/action_view/renderer/abstract_renderer.rb:38:in `block in instrument'
D:/Ruby193/lib/ruby/gems/1.9.1/gems/activesupport-4.0.2/lib/active_support/notifications.rb:159:in `block in instrument'
D:/Ruby193/lib/ruby/gems/1.9.1/gems/activesupport-4.0.2/lib/active_support/notifications/instrumenter.rb:20:in `instrument'
D:/Ruby193/lib/ruby/gems/1.9.1/gems/activesupport-4.0.2/lib/active_support/notifications.rb:159:in `instrument'
D:/Ruby193/lib/ruby/gems/1.9.1/gems/actionpack-4.0.2/lib/action_view/renderer/abstract_renderer.rb:38:in `instrument'
D:/Ruby193/lib/ruby/gems/1.9.1/gems/actionpack-4.0.2/lib/action_view/renderer/template_renderer.rb:48:in `block in render_template'
D:/Ruby193/lib/ruby/gems/1.9.1/gems/actionpack-4.0.2/lib/action_view/renderer/template_renderer.rb:56:in `render_with_layout'
D:/Ruby193/lib/ruby/gems/1.9.1/gems/actionpack-4.0.2/lib/action_view/renderer/template_renderer.rb:47:in `render_template'
D:/Ruby193/lib/ruby/gems/1.9.1/gems/actionpack-4.0.2/lib/action_view/renderer/template_renderer.rb:17:in `render'
D:/Ruby193/lib/ruby/gems/1.9.1/gems/actionpack-4.0.2/lib/action_view/renderer/renderer.rb:42:in `render_template'
D:/Ruby193/lib/ruby/gems/1.9.1/gems/actionpack-4.0.2/lib/action_view/renderer/renderer.rb:23:in `render'
D:/Ruby193/lib/ruby/gems/1.9.1/gems/actionpack-4.0.2/lib/abstract_controller/rendering.rb:127:in `_render_template'
D:/Ruby193/lib/ruby/gems/1.9.1/gems/actionpack-4.0.2/lib/action_controller/metal/streaming.rb:219:in `_render_template'
D:/Ruby193/lib/ruby/gems/1.9.1/gems/actionpack-4.0.2/lib/abstract_controller/rendering.rb:120:in `render_to_body'
D:/Ruby193/lib/ruby/gems/1.9.1/gems/actionpack-4.0.2/lib/action_controller/metal/rendering.rb:33:in `render_to_body'
D:/Ruby193/lib/ruby/gems/1.9.1/gems/actionpack-4.0.2/lib/action_controller/metal/renderers.rb:26:in `render_to_body'
D:/Ruby193/lib/ruby/gems/1.9.1/gems/actionpack-4.0.2/lib/abstract_controller/rendering.rb:97:in `render'
D:/Ruby193/lib/ruby/gems/1.9.1/gems/actionpack-4.0.2/lib/action_controller/metal/rendering.rb:16:in `render'
D:/Ruby193/lib/ruby/gems/1.9.1/gems/actionpack-4.0.2/lib/action_controller/metal/instrumentation.rb:41:in `block (2 levels) in render'
D:/Ruby193/lib/ruby/gems/1.9.1/gems/activesupport-4.0.2/lib/active_support/core_ext/benchmark.rb:12:in `block in ms'
D:/Ruby193/lib/ruby/1.9.1/benchmark.rb:295:in `realtime'
D:/Ruby193/lib/ruby/gems/1.9.1/gems/activesupport-4.0.2/lib/active_support/core_ext/benchmark.rb:12:in `ms'
D:/Ruby193/lib/ruby/gems/1.9.1/gems/actionpack-4.0.2/lib/action_controller/metal/instrumentation.rb:41:in `block in render'
D:/Ruby193/lib/ruby/gems/1.9.1/gems/actionpack-4.0.2/lib/action_controller/metal/instrumentation.rb:84:in `cleanup_view_runtime'
D:/Ruby193/lib/ruby/gems/1.9.1/gems/activerecord-4.0.2/lib/active_record/railties/controller_runtime.rb:25:in `cleanup_view_runtime'
D:/Ruby193/lib/ruby/gems/1.9.1/gems/actionpack-4.0.2/lib/action_controller/metal/instrumentation.rb:40:in `render'
D:/Ruby193/lib/ruby/gems/1.9.1/gems/actionpack-4.0.2/lib/action_controller/metal/implicit_render.rb:10:in `default_render'
D:/Ruby193/lib/ruby/gems/1.9.1/gems/actionpack-4.0.2/lib/action_controller/metal/implicit_render.rb:5:in `send_action'
D:/Ruby193/lib/ruby/gems/1.9.1/gems/actionpack-4.0.2/lib/abstract_controller/base.rb:189:in `process_action'
D:/Ruby193/lib/ruby/gems/1.9.1/gems/actionpack-4.0.2/lib/action_controller/metal/rendering.rb:10:in `process_action'
D:/Ruby193/lib/ruby/gems/1.9.1/gems/actionpack-4.0.2/lib/abstract_controller/callbacks.rb:18:in `block in process_action'
D:/Ruby193/lib/ruby/gems/1.9.1/gems/activesupport-4.0.2/lib/active_support/callbacks.rb:403:in `_run__897795742__process_action__callbacks'
D:/Ruby193/lib/ruby/gems/1.9.1/gems/activesupport-4.0.2/lib/active_support/callbacks.rb:80:in `run_callbacks'
D:/Ruby193/lib/ruby/gems/1.9.1/gems/actionpack-4.0.2/lib/abstract_controller/callbacks.rb:17:in `process_action'
D:/Ruby193/lib/ruby/gems/1.9.1/gems/actionpack-4.0.2/lib/action_controller/metal/rescue.rb:29:in `process_action'
D:/Ruby193/lib/ruby/gems/1.9.1/gems/actionpack-4.0.2/lib/action_controller/metal/instrumentation.rb:31:in `block in process_action'
D:/Ruby193/lib/ruby/gems/1.9.1/gems/activesupport-4.0.2/lib/active_support/notifications.rb:159:in `block in instrument'
D:/Ruby193/lib/ruby/gems/1.9.1/gems/activesupport-4.0.2/lib/active_support/notifications/instrumenter.rb:20:in `instrument'
D:/Ruby193/lib/ruby/gems/1.9.1/gems/activesupport-4.0.2/lib/active_support/notifications.rb:159:in `instrument'
D:/Ruby193/lib/ruby/gems/1.9.1/gems/actionpack-4.0.2/lib/action_controller/metal/instrumentation.rb:30:in `process_action'
D:/Ruby193/lib/ruby/gems/1.9.1/gems/actionpack-4.0.2/lib/action_controller/metal/params_wrapper.rb:245:in `process_action'
D:/Ruby193/lib/ruby/gems/1.9.1/gems/activerecord-4.0.2/lib/active_record/railties/controller_runtime.rb:18:in `process_action'
D:/Ruby193/lib/ruby/gems/1.9.1/gems/actionpack-4.0.2/lib/abstract_controller/base.rb:136:in `process'
D:/Ruby193/lib/ruby/gems/1.9.1/gems/actionpack-4.0.2/lib/abstract_controller/rendering.rb:44:in `process'
D:/Ruby193/lib/ruby/gems/1.9.1/gems/actionpack-4.0.2/lib/action_controller/metal.rb:195:in `dispatch'
D:/Ruby193/lib/ruby/gems/1.9.1/gems/actionpack-4.0.2/lib/action_controller/metal/rack_delegation.rb:13:in `dispatch'
D:/Ruby193/lib/ruby/gems/1.9.1/gems/actionpack-4.0.2/lib/action_controller/metal.rb:231:in `block in action'
D:/Ruby193/lib/ruby/gems/1.9.1/gems/actionpack-4.0.2/lib/action_dispatch/routing/route_set.rb:80:in `call'
D:/Ruby193/lib/ruby/gems/1.9.1/gems/actionpack-4.0.2/lib/action_dispatch/routing/route_set.rb:80:in `dispatch'
D:/Ruby193/lib/ruby/gems/1.9.1/gems/actionpack-4.0.2/lib/action_dispatch/routing/route_set.rb:48:in `call'
D:/Ruby193/lib/ruby/gems/1.9.1/gems/actionpack-4.0.2/lib/action_dispatch/journey/router.rb:71:in `block in call'
D:/Ruby193/lib/ruby/gems/1.9.1/gems/actionpack-4.0.2/lib/action_dispatch/journey/router.rb:59:in `each'
D:/Ruby193/lib/ruby/gems/1.9.1/gems/actionpack-4.0.2/lib/action_dispatch/journey/router.rb:59:in `call'
D:/Ruby193/lib/ruby/gems/1.9.1/gems/actionpack-4.0.2/lib/action_dispatch/routing/route_set.rb:680:in `call'
D:/Ruby193/lib/ruby/gems/1.9.1/gems/rack-1.5.2/lib/rack/etag.rb:23:in `call'
D:/Ruby193/lib/ruby/gems/1.9.1/gems/rack-1.5.2/lib/rack/conditionalget.rb:25:in `call'
D:/Ruby193/lib/ruby/gems/1.9.1/gems/rack-1.5.2/lib/rack/head.rb:11:in `call'
D:/Ruby193/lib/ruby/gems/1.9.1/gems/actionpack-4.0.2/lib/action_dispatch/middleware/params_parser.rb:27:in `call'
D:/Ruby193/lib/ruby/gems/1.9.1/gems/actionpack-4.0.2/lib/action_dispatch/middleware/flash.rb:241:in `call'
D:/Ruby193/lib/ruby/gems/1.9.1/gems/rack-1.5.2/lib/rack/session/abstract/id.rb:225:in `context'
D:/Ruby193/lib/ruby/gems/1.9.1/gems/rack-1.5.2/lib/rack/session/abstract/id.rb:220:in `call'
D:/Ruby193/lib/ruby/gems/1.9.1/gems/actionpack-4.0.2/lib/action_dispatch/middleware/cookies.rb:486:in `call'
D:/Ruby193/lib/ruby/gems/1.9.1/gems/activerecord-4.0.2/lib/active_record/query_cache.rb:36:in `call'
D:/Ruby193/lib/ruby/gems/1.9.1/gems/activerecord-4.0.2/lib/active_record/connection_adapters/abstract/connection_pool.rb:626:in `call'
D:/Ruby193/lib/ruby/gems/1.9.1/gems/activerecord-4.0.2/lib/active_record/migration.rb:369:in `call'
D:/Ruby193/lib/ruby/gems/1.9.1/gems/actionpack-4.0.2/lib/action_dispatch/middleware/callbacks.rb:29:in `block in call'
D:/Ruby193/lib/ruby/gems/1.9.1/gems/activesupport-4.0.2/lib/active_support/callbacks.rb:373:in `_run__37628618__call__callbacks'
D:/Ruby193/lib/ruby/gems/1.9.1/gems/activesupport-4.0.2/lib/active_support/callbacks.rb:80:in `run_callbacks'
D:/Ruby193/lib/ruby/gems/1.9.1/gems/actionpack-4.0.2/lib/action_dispatch/middleware/callbacks.rb:27:in `call'
D:/Ruby193/lib/ruby/gems/1.9.1/gems/actionpack-4.0.2/lib/action_dispatch/middleware/reloader.rb:64:in `call'
D:/Ruby193/lib/ruby/gems/1.9.1/gems/actionpack-4.0.2/lib/action_dispatch/middleware/remote_ip.rb:76:in `call'
D:/Ruby193/lib/ruby/gems/1.9.1/gems/actionpack-4.0.2/lib/action_dispatch/middleware/debug_exceptions.rb:17:in `call'
D:/Ruby193/lib/ruby/gems/1.9.1/gems/actionpack-4.0.2/lib/action_dispatch/middleware/show_exceptions.rb:30:in `call'
D:/Ruby193/lib/ruby/gems/1.9.1/gems/railties-4.0.2/lib/rails/rack/logger.rb:38:in `call_app'
D:/Ruby193/lib/ruby/gems/1.9.1/gems/railties-4.0.2/lib/rails/rack/logger.rb:20:in `block in call'
D:/Ruby193/lib/ruby/gems/1.9.1/gems/activesupport-4.0.2/lib/active_support/tagged_logging.rb:67:in `block in tagged'
D:/Ruby193/lib/ruby/gems/1.9.1/gems/activesupport-4.0.2/lib/active_support/tagged_logging.rb:25:in `tagged'
D:/Ruby193/lib/ruby/gems/1.9.1/gems/activesupport-4.0.2/lib/active_support/tagged_logging.rb:67:in `tagged'
D:/Ruby193/lib/ruby/gems/1.9.1/gems/railties-4.0.2/lib/rails/rack/logger.rb:20:in `call'
D:/Ruby193/lib/ruby/gems/1.9.1/gems/actionpack-4.0.2/lib/action_dispatch/middleware/request_id.rb:21:in `call'
D:/Ruby193/lib/ruby/gems/1.9.1/gems/rack-1.5.2/lib/rack/methodoverride.rb:21:in `call'
D:/Ruby193/lib/ruby/gems/1.9.1/gems/rack-1.5.2/lib/rack/runtime.rb:17:in `call'
D:/Ruby193/lib/ruby/gems/1.9.1/gems/activesupport-4.0.2/lib/active_support/cache/strategy/local_cache.rb:83:in `call'
D:/Ruby193/lib/ruby/gems/1.9.1/gems/rack-1.5.2/lib/rack/lock.rb:17:in `call'
D:/Ruby193/lib/ruby/gems/1.9.1/gems/actionpack-4.0.2/lib/action_dispatch/middleware/static.rb:64:in `call'
D:/Ruby193/lib/ruby/gems/1.9.1/gems/rack-1.5.2/lib/rack/sendfile.rb:112:in `call'
D:/Ruby193/lib/ruby/gems/1.9.1/gems/railties-4.0.2/lib/rails/engine.rb:511:in `call'
D:/Ruby193/lib/ruby/gems/1.9.1/gems/railties-4.0.2/lib/rails/application.rb:97:in `call'
D:/Ruby193/lib/ruby/gems/1.9.1/gems/rack-1.5.2/lib/rack/lock.rb:17:in `call'
D:/Ruby193/lib/ruby/gems/1.9.1/gems/rack-1.5.2/lib/rack/content_length.rb:14:in `call'
D:/Ruby193/lib/ruby/gems/1.9.1/gems/rack-1.5.2/lib/rack/handler/webrick.rb:60:in `service'
D:/Ruby193/lib/ruby/1.9.1/webrick/httpserver.rb:138:in `service'
D:/Ruby193/lib/ruby/1.9.1/webrick/httpserver.rb:94:in `run'
D:/Ruby193/lib/ruby/1.9.1/webrick/server.rb:191:in `block in start_thread'
  Rendered users/new.html.erb within layouts/application (134.0ms)
Completed 500 Internal Server Error in 296ms

ActionView::Template::Error (D:/ror/auth/app/views/users/new.html.erb:41: syntax error, unexpected keyword_ensure, expecting keyword_end
D:/ror/auth/app/views/users/new.html.erb:43: syntax error, unexpected $end, expecting keyword_end):
    38: 	</p>
    39: <% end %>
  actionpack (4.0.2) lib/action_view/template.rb:299:in `module_eval'
  actionpack (4.0.2) lib/action_view/template.rb:299:in `compile'
  actionpack (4.0.2) lib/action_view/template.rb:248:in `block in compile!'
  <internal:prelude>:10:in `synchronize'
  actionpack (4.0.2) lib/action_view/template.rb:236:in `compile!'
  actionpack (4.0.2) lib/action_view/template.rb:142:in `block in render'
  activesupport (4.0.2) lib/active_support/notifications.rb:161:in `instrument'
  actionpack (4.0.2) lib/action_view/template.rb:141:in `render'
  actionpack (4.0.2) lib/action_view/renderer/template_renderer.rb:49:in `block (2 levels) in render_template'
  actionpack (4.0.2) lib/action_view/renderer/abstract_renderer.rb:38:in `block in instrument'
  activesupport (4.0.2) lib/active_support/notifications.rb:159:in `block in instrument'
  activesupport (4.0.2) lib/active_support/notifications/instrumenter.rb:20:in `instrument'
  activesupport (4.0.2) lib/active_support/notifications.rb:159:in `instrument'
  actionpack (4.0.2) lib/action_view/renderer/abstract_renderer.rb:38:in `instrument'
  actionpack (4.0.2) lib/action_view/renderer/template_renderer.rb:48:in `block in render_template'
  actionpack (4.0.2) lib/action_view/renderer/template_renderer.rb:56:in `render_with_layout'
  actionpack (4.0.2) lib/action_view/renderer/template_renderer.rb:47:in `render_template'
  actionpack (4.0.2) lib/action_view/renderer/template_renderer.rb:17:in `render'
  actionpack (4.0.2) lib/action_view/renderer/renderer.rb:42:in `render_template'
  actionpack (4.0.2) lib/action_view/renderer/renderer.rb:23:in `render'
  actionpack (4.0.2) lib/abstract_controller/rendering.rb:127:in `_render_template'
  actionpack (4.0.2) lib/action_controller/metal/streaming.rb:219:in `_render_template'
  actionpack (4.0.2) lib/abstract_controller/rendering.rb:120:in `render_to_body'
  actionpack (4.0.2) lib/action_controller/metal/rendering.rb:33:in `render_to_body'
  actionpack (4.0.2) lib/action_controller/metal/renderers.rb:26:in `render_to_body'
  actionpack (4.0.2) lib/abstract_controller/rendering.rb:97:in `render'
  actionpack (4.0.2) lib/action_controller/metal/rendering.rb:16:in `render'
  actionpack (4.0.2) lib/action_controller/metal/instrumentation.rb:41:in `block (2 levels) in render'
  activesupport (4.0.2) lib/active_support/core_ext/benchmark.rb:12:in `block in ms'
  D:/Ruby193/lib/ruby/1.9.1/benchmark.rb:295:in `realtime'
  activesupport (4.0.2) lib/active_support/core_ext/benchmark.rb:12:in `ms'
  actionpack (4.0.2) lib/action_controller/metal/instrumentation.rb:41:in `block in render'
  actionpack (4.0.2) lib/action_controller/metal/instrumentation.rb:84:in `cleanup_view_runtime'
  activerecord (4.0.2) lib/active_record/railties/controller_runtime.rb:25:in `cleanup_view_runtime'
  actionpack (4.0.2) lib/action_controller/metal/instrumentation.rb:40:in `render'
  actionpack (4.0.2) lib/action_controller/metal/implicit_render.rb:10:in `default_render'
  actionpack (4.0.2) lib/action_controller/metal/implicit_render.rb:5:in `send_action'
  actionpack (4.0.2) lib/abstract_controller/base.rb:189:in `process_action'
  actionpack (4.0.2) lib/action_controller/metal/rendering.rb:10:in `process_action'
  actionpack (4.0.2) lib/abstract_controller/callbacks.rb:18:in `block in process_action'
  activesupport (4.0.2) lib/active_support/callbacks.rb:403:in `_run__897795742__process_action__callbacks'
  activesupport (4.0.2) lib/active_support/callbacks.rb:80:in `run_callbacks'
  actionpack (4.0.2) lib/abstract_controller/callbacks.rb:17:in `process_action'
  actionpack (4.0.2) lib/action_controller/metal/rescue.rb:29:in `process_action'
  actionpack (4.0.2) lib/action_controller/metal/instrumentation.rb:31:in `block in process_action'
  activesupport (4.0.2) lib/active_support/notifications.rb:159:in `block in instrument'
  activesupport (4.0.2) lib/active_support/notifications/instrumenter.rb:20:in `instrument'
  activesupport (4.0.2) lib/active_support/notifications.rb:159:in `instrument'
  actionpack (4.0.2) lib/action_controller/metal/instrumentation.rb:30:in `process_action'
  actionpack (4.0.2) lib/action_controller/metal/params_wrapper.rb:245:in `process_action'
  activerecord (4.0.2) lib/active_record/railties/controller_runtime.rb:18:in `process_action'
  actionpack (4.0.2) lib/abstract_controller/base.rb:136:in `process'
  actionpack (4.0.2) lib/abstract_controller/rendering.rb:44:in `process'
  actionpack (4.0.2) lib/action_controller/metal.rb:195:in `dispatch'
  actionpack (4.0.2) lib/action_controller/metal/rack_delegation.rb:13:in `dispatch'
  actionpack (4.0.2) lib/action_controller/metal.rb:231:in `block in action'
  actionpack (4.0.2) lib/action_dispatch/routing/route_set.rb:80:in `call'
  actionpack (4.0.2) lib/action_dispatch/routing/route_set.rb:80:in `dispatch'
  actionpack (4.0.2) lib/action_dispatch/routing/route_set.rb:48:in `call'
  actionpack (4.0.2) lib/action_dispatch/journey/router.rb:71:in `block in call'
  actionpack (4.0.2) lib/action_dispatch/journey/router.rb:59:in `each'
  actionpack (4.0.2) lib/action_dispatch/journey/router.rb:59:in `call'
  actionpack (4.0.2) lib/action_dispatch/routing/route_set.rb:680:in `call'
  rack (1.5.2) lib/rack/etag.rb:23:in `call'
  rack (1.5.2) lib/rack/conditionalget.rb:25:in `call'
  rack (1.5.2) lib/rack/head.rb:11:in `call'
  actionpack (4.0.2) lib/action_dispatch/middleware/params_parser.rb:27:in `call'
  actionpack (4.0.2) lib/action_dispatch/middleware/flash.rb:241:in `call'
  rack (1.5.2) lib/rack/session/abstract/id.rb:225:in `context'
  rack (1.5.2) lib/rack/session/abstract/id.rb:220:in `call'
  actionpack (4.0.2) lib/action_dispatch/middleware/cookies.rb:486:in `call'
  activerecord (4.0.2) lib/active_record/query_cache.rb:36:in `call'
  activerecord (4.0.2) lib/active_record/connection_adapters/abstract/connection_pool.rb:626:in `call'
  activerecord (4.0.2) lib/active_record/migration.rb:369:in `call'
  actionpack (4.0.2) lib/action_dispatch/middleware/callbacks.rb:29:in `block in call'
  activesupport (4.0.2) lib/active_support/callbacks.rb:373:in `_run__37628618__call__callbacks'
  activesupport (4.0.2) lib/active_support/callbacks.rb:80:in `run_callbacks'
  actionpack (4.0.2) lib/action_dispatch/middleware/callbacks.rb:27:in `call'
  actionpack (4.0.2) lib/action_dispatch/middleware/reloader.rb:64:in `call'
  actionpack (4.0.2) lib/action_dispatch/middleware/remote_ip.rb:76:in `call'
  actionpack (4.0.2) lib/action_dispatch/middleware/debug_exceptions.rb:17:in `call'
  actionpack (4.0.2) lib/action_dispatch/middleware/show_exceptions.rb:30:in `call'
  railties (4.0.2) lib/rails/rack/logger.rb:38:in `call_app'
  railties (4.0.2) lib/rails/rack/logger.rb:20:in `block in call'
  activesupport (4.0.2) lib/active_support/tagged_logging.rb:67:in `block in tagged'
  activesupport (4.0.2) lib/active_support/tagged_logging.rb:25:in `tagged'
  activesupport (4.0.2) lib/active_support/tagged_logging.rb:67:in `tagged'
  railties (4.0.2) lib/rails/rack/logger.rb:20:in `call'
  actionpack (4.0.2) lib/action_dispatch/middleware/request_id.rb:21:in `call'
  rack (1.5.2) lib/rack/methodoverride.rb:21:in `call'
  rack (1.5.2) lib/rack/runtime.rb:17:in `call'
  activesupport (4.0.2) lib/active_support/cache/strategy/local_cache.rb:83:in `call'
  rack (1.5.2) lib/rack/lock.rb:17:in `call'
  actionpack (4.0.2) lib/action_dispatch/middleware/static.rb:64:in `call'
  rack (1.5.2) lib/rack/sendfile.rb:112:in `call'
  railties (4.0.2) lib/rails/engine.rb:511:in `call'
  railties (4.0.2) lib/rails/application.rb:97:in `call'
  rack (1.5.2) lib/rack/lock.rb:17:in `call'
  rack (1.5.2) lib/rack/content_length.rb:14:in `call'
  rack (1.5.2) lib/rack/handler/webrick.rb:60:in `service'
  D:/Ruby193/lib/ruby/1.9.1/webrick/httpserver.rb:138:in `service'
  D:/Ruby193/lib/ruby/1.9.1/webrick/httpserver.rb:94:in `run'
  D:/Ruby193/lib/ruby/1.9.1/webrick/server.rb:191:in `block in start_thread'


  Rendered D:/Ruby193/lib/ruby/gems/1.9.1/gems/actionpack-4.0.2/lib/action_dispatch/middleware/templates/rescues/_trace.erb (1.0ms)
  Rendered D:/Ruby193/lib/ruby/gems/1.9.1/gems/actionpack-4.0.2/lib/action_dispatch/middleware/templates/rescues/_request_and_response.erb (1.0ms)
  Rendered D:/Ruby193/lib/ruby/gems/1.9.1/gems/actionpack-4.0.2/lib/action_dispatch/middleware/templates/rescues/template_error.erb within rescues/layout (40.0ms)


Started GET "/" for 127.0.0.1 at 2013-12-31 15:33:04 +0200
  [1m[36mActiveRecord::SchemaMigration Load (1.0ms)[0m  [1mSELECT "schema_migrations".* FROM "schema_migrations"[0m
Processing by UsersController#new as HTML
  Rendered users/new.html.erb within layouts/application (184.0ms)
Completed 200 OK in 14750ms (Views: 14721.5ms | ActiveRecord: 1.0ms)


Started GET "/assets/application.css?body=1" for 127.0.0.1 at 2013-12-31 15:33:20 +0200


Started GET "/assets/users.css?body=1" for 127.0.0.1 at 2013-12-31 15:33:20 +0200


Started GET "/assets/jquery.js?body=1" for 127.0.0.1 at 2013-12-31 15:33:20 +0200


Started GET "/assets/jquery_ujs.js?body=1" for 127.0.0.1 at 2013-12-31 15:33:20 +0200


Started GET "/assets/turbolinks.js?body=1" for 127.0.0.1 at 2013-12-31 15:33:20 +0200


Started GET "/assets/users.js?body=1" for 127.0.0.1 at 2013-12-31 15:33:20 +0200


Started GET "/assets/application.js?body=1" for 127.0.0.1 at 2013-12-31 15:33:20 +0200


Started GET "/" for 127.0.0.1 at 2013-12-31 15:39:27 +0200
Processing by UsersController#new as HTML
  Rendered users/new.html.erb within layouts/application (8.0ms)
Completed 200 OK in 19ms (Views: 13.0ms | ActiveRecord: 1.0ms)


Started GET "/assets/application.css?body=1" for 127.0.0.1 at 2013-12-31 15:39:27 +0200


Started GET "/assets/users.js?body=1" for 127.0.0.1 at 2013-12-31 15:39:28 +0200


Started GET "/assets/users.css?body=1" for 127.0.0.1 at 2013-12-31 15:39:28 +0200


Started GET "/assets/application.js?body=1" for 127.0.0.1 at 2013-12-31 15:39:28 +0200


Started POST "/users" for 127.0.0.1 at 2013-12-31 15:40:09 +0200
Processing by UsersController#create as HTML
  Parameters: {"utf8"=>"✓", "authenticity_token"=>"OJDVvoURn5poEYXDhd25Jhma7x9l/lgotx/WqmjeQKA=", "user"=>{"email"=>"antti.koskenalho@tut.fi", "password"=>"[FILTERED]", "password_confirmation"=>"[FILTERED]"}, "commit"=>"Create User"}
Completed 500 Internal Server Error in 1ms

ActiveModel::ForbiddenAttributesError (ActiveModel::ForbiddenAttributesError):
  app/controllers/users_controller.rb:7:in `create'


  Rendered D:/Ruby193/lib/ruby/gems/1.9.1/gems/actionpack-4.0.2/lib/action_dispatch/middleware/templates/rescues/_source.erb (1.0ms)
  Rendered D:/Ruby193/lib/ruby/gems/1.9.1/gems/actionpack-4.0.2/lib/action_dispatch/middleware/templates/rescues/_trace.erb (1.0ms)
  Rendered D:/Ruby193/lib/ruby/gems/1.9.1/gems/actionpack-4.0.2/lib/action_dispatch/middleware/templates/rescues/_request_and_response.erb (2.0ms)
  Rendered D:/Ruby193/lib/ruby/gems/1.9.1/gems/actionpack-4.0.2/lib/action_dispatch/middleware/templates/rescues/diagnostics.erb within rescues/layout (36.0ms)


Started GET "/users" for 127.0.0.1 at 2013-12-31 15:43:57 +0200

AbstractController::ActionNotFound (The action 'index' could not be found for UsersController):
  actionpack (4.0.2) lib/abstract_controller/base.rb:131:in `process'
  actionpack (4.0.2) lib/abstract_controller/rendering.rb:44:in `process'
  actionpack (4.0.2) lib/action_controller/metal.rb:195:in `dispatch'
  actionpack (4.0.2) lib/action_controller/metal/rack_delegation.rb:13:in `dispatch'
  actionpack (4.0.2) lib/action_controller/metal.rb:231:in `block in action'
  actionpack (4.0.2) lib/action_dispatch/routing/route_set.rb:80:in `call'
  actionpack (4.0.2) lib/action_dispatch/routing/route_set.rb:80:in `dispatch'
  actionpack (4.0.2) lib/action_dispatch/routing/route_set.rb:48:in `call'
  actionpack (4.0.2) lib/action_dispatch/journey/router.rb:71:in `block in call'
  actionpack (4.0.2) lib/action_dispatch/journey/router.rb:59:in `each'
  actionpack (4.0.2) lib/action_dispatch/journey/router.rb:59:in `call'
  actionpack (4.0.2) lib/action_dispatch/routing/route_set.rb:680:in `call'
  rack (1.5.2) lib/rack/etag.rb:23:in `call'
  rack (1.5.2) lib/rack/conditionalget.rb:25:in `call'
  rack (1.5.2) lib/rack/head.rb:11:in `call'
  actionpack (4.0.2) lib/action_dispatch/middleware/params_parser.rb:27:in `call'
  actionpack (4.0.2) lib/action_dispatch/middleware/flash.rb:241:in `call'
  rack (1.5.2) lib/rack/session/abstract/id.rb:225:in `context'
  rack (1.5.2) lib/rack/session/abstract/id.rb:220:in `call'
  actionpack (4.0.2) lib/action_dispatch/middleware/cookies.rb:486:in `call'
  activerecord (4.0.2) lib/active_record/query_cache.rb:36:in `call'
  activerecord (4.0.2) lib/active_record/connection_adapters/abstract/connection_pool.rb:626:in `call'
  activerecord (4.0.2) lib/active_record/migration.rb:369:in `call'
  actionpack (4.0.2) lib/action_dispatch/middleware/callbacks.rb:29:in `block in call'
  activesupport (4.0.2) lib/active_support/callbacks.rb:373:in `_run__43512053__call__callbacks'
  activesupport (4.0.2) lib/active_support/callbacks.rb:80:in `run_callbacks'
  actionpack (4.0.2) lib/action_dispatch/middleware/callbacks.rb:27:in `call'
  actionpack (4.0.2) lib/action_dispatch/middleware/reloader.rb:64:in `call'
  actionpack (4.0.2) lib/action_dispatch/middleware/remote_ip.rb:76:in `call'
  actionpack (4.0.2) lib/action_dispatch/middleware/debug_exceptions.rb:17:in `call'
  actionpack (4.0.2) lib/action_dispatch/middleware/show_exceptions.rb:30:in `call'
  railties (4.0.2) lib/rails/rack/logger.rb:38:in `call_app'
  railties (4.0.2) lib/rails/rack/logger.rb:20:in `block in call'
  activesupport (4.0.2) lib/active_support/tagged_logging.rb:67:in `block in tagged'
  activesupport (4.0.2) lib/active_support/tagged_logging.rb:25:in `tagged'
  activesupport (4.0.2) lib/active_support/tagged_logging.rb:67:in `tagged'
  railties (4.0.2) lib/rails/rack/logger.rb:20:in `call'
  actionpack (4.0.2) lib/action_dispatch/middleware/request_id.rb:21:in `call'
  rack (1.5.2) lib/rack/methodoverride.rb:21:in `call'
  rack (1.5.2) lib/rack/runtime.rb:17:in `call'
  activesupport (4.0.2) lib/active_support/cache/strategy/local_cache.rb:83:in `call'
  rack (1.5.2) lib/rack/lock.rb:17:in `call'
  actionpack (4.0.2) lib/action_dispatch/middleware/static.rb:64:in `call'
  rack (1.5.2) lib/rack/sendfile.rb:112:in `call'
  railties (4.0.2) lib/rails/engine.rb:511:in `call'
  railties (4.0.2) lib/rails/application.rb:97:in `call'
  rack (1.5.2) lib/rack/lock.rb:17:in `call'
  rack (1.5.2) lib/rack/content_length.rb:14:in `call'
  rack (1.5.2) lib/rack/handler/webrick.rb:60:in `service'
  D:/Ruby193/lib/ruby/1.9.1/webrick/httpserver.rb:138:in `service'
  D:/Ruby193/lib/ruby/1.9.1/webrick/httpserver.rb:94:in `run'
  D:/Ruby193/lib/ruby/1.9.1/webrick/server.rb:191:in `block in start_thread'


  Rendered D:/Ruby193/lib/ruby/gems/1.9.1/gems/actionpack-4.0.2/lib/action_dispatch/middleware/templates/rescues/unknown_action.erb within rescues/layout (0.0ms)


Started GET "/" for 127.0.0.1 at 2013-12-31 15:44:07 +0200
Processing by UsersController#new as HTML
  Rendered users/new.html.erb within layouts/application (9.0ms)
Completed 200 OK in 23ms (Views: 17.0ms | ActiveRecord: 0.0ms)


Started GET "/assets/users.js?body=1" for 127.0.0.1 at 2013-12-31 15:44:07 +0200


Started GET "/assets/users.css?body=1" for 127.0.0.1 at 2013-12-31 15:44:07 +0200


Started GET "/assets/application.css?body=1" for 127.0.0.1 at 2013-12-31 15:44:07 +0200


Started GET "/assets/application.js?body=1" for 127.0.0.1 at 2013-12-31 15:44:07 +0200


Started POST "/users" for 127.0.0.1 at 2013-12-31 15:44:14 +0200
Processing by UsersController#create as HTML
  Parameters: {"utf8"=>"✓", "authenticity_token"=>"OJDVvoURn5poEYXDhd25Jhma7x9l/lgotx/WqmjeQKA=", "user"=>{"email"=>"aaa", "password"=>"[FILTERED]", "password_confirmation"=>"[FILTERED]"}, "commit"=>"Create User"}
  [1m[35m (0.0ms)[0m  begin transaction
  [1m[36mUser Exists (0.0ms)[0m  [1mSELECT 1 AS one FROM "users" WHERE "users"."email" IS NULL LIMIT 1[0m
  [1m[35m (1.0ms)[0m  rollback transaction
  Rendered users/new.html.erb within layouts/application (3.0ms)
Completed 200 OK in 203ms (Views: 10.0ms | ActiveRecord: 1.0ms)


Started GET "/assets/application.css?body=1" for 127.0.0.1 at 2013-12-31 15:44:15 +0200


Started GET "/assets/users.css?body=1" for 127.0.0.1 at 2013-12-31 15:44:15 +0200


Started GET "/assets/application.js?body=1" for 127.0.0.1 at 2013-12-31 15:44:15 +0200


Started GET "/assets/users.js?body=1" for 127.0.0.1 at 2013-12-31 15:44:15 +0200


Started POST "/users" for 127.0.0.1 at 2013-12-31 15:44:26 +0200
Processing by UsersController#create as HTML
  Parameters: {"utf8"=>"✓", "authenticity_token"=>"OJDVvoURn5poEYXDhd25Jhma7x9l/lgotx/WqmjeQKA=", "user"=>{"email"=>"aa", "password"=>"[FILTERED]", "password_confirmation"=>"[FILTERED]"}, "commit"=>"Create User"}
  [1m[36m (0.0ms)[0m  [1mbegin transaction[0m
  [1m[35mUser Exists (1.0ms)[0m  SELECT 1 AS one FROM "users" WHERE "users"."email" IS NULL LIMIT 1
  [1m[36m (0.0ms)[0m  [1mrollback transaction[0m
  Rendered users/new.html.erb within layouts/application (2.0ms)
Completed 200 OK in 13ms (Views: 8.0ms | ActiveRecord: 1.0ms)


Started GET "/assets/application.css?body=1" for 127.0.0.1 at 2013-12-31 15:44:26 +0200


Started GET "/assets/users.css?body=1" for 127.0.0.1 at 2013-12-31 15:44:26 +0200


Started GET "/assets/application.js?body=1" for 127.0.0.1 at 2013-12-31 15:44:26 +0200


Started GET "/assets/users.js?body=1" for 127.0.0.1 at 2013-12-31 15:44:26 +0200


Started POST "/users" for 127.0.0.1 at 2013-12-31 15:44:47 +0200
Processing by UsersController#create as HTML
  Parameters: {"utf8"=>"✓", "authenticity_token"=>"OJDVvoURn5poEYXDhd25Jhma7x9l/lgotx/WqmjeQKA=", "user"=>{"email"=>"aa", "password"=>"[FILTERED]", "password_confirmation"=>"[FILTERED]"}, "commit"=>"Create User"}
  [1m[35m (0.0ms)[0m  begin transaction
  [1m[36mUser Exists (0.0ms)[0m  [1mSELECT 1 AS one FROM "users" WHERE "users"."email" IS NULL LIMIT 1[0m
  [1m[35m (0.0ms)[0m  rollback transaction
  Rendered users/new.html.erb within layouts/application (3.0ms)
Completed 200 OK in 41ms (Views: 9.0ms | ActiveRecord: 1.0ms)


Started GET "/assets/application.css?body=1" for 127.0.0.1 at 2013-12-31 15:44:47 +0200


Started GET "/assets/users.css?body=1" for 127.0.0.1 at 2013-12-31 15:44:47 +0200


Started GET "/assets/users.js?body=1" for 127.0.0.1 at 2013-12-31 15:44:47 +0200


Started GET "/assets/application.js?body=1" for 127.0.0.1 at 2013-12-31 15:44:47 +0200


Started POST "/users" for 127.0.0.1 at 2013-12-31 15:45:05 +0200
Processing by UsersController#create as HTML
  Parameters: {"utf8"=>"✓", "authenticity_token"=>"OJDVvoURn5poEYXDhd25Jhma7x9l/lgotx/WqmjeQKA=", "user"=>{"email"=>"", "password"=>"[FILTERED]", "password_confirmation"=>"[FILTERED]"}, "commit"=>"Create User"}
  [1m[36m (0.0ms)[0m  [1mbegin transaction[0m
  [1m[35mUser Exists (0.0ms)[0m  SELECT 1 AS one FROM "users" WHERE "users"."email" IS NULL LIMIT 1
  [1m[36m (0.0ms)[0m  [1mrollback transaction[0m
  Rendered users/new.html.erb within layouts/application (3.0ms)
Completed 200 OK in 14ms (Views: 8.0ms | ActiveRecord: 0.0ms)


Started GET "/assets/application.css?body=1" for 127.0.0.1 at 2013-12-31 15:45:05 +0200


Started GET "/assets/users.css?body=1" for 127.0.0.1 at 2013-12-31 15:45:05 +0200


Started GET "/assets/users.js?body=1" for 127.0.0.1 at 2013-12-31 15:45:05 +0200


Started GET "/assets/application.js?body=1" for 127.0.0.1 at 2013-12-31 15:45:05 +0200


Started POST "/users" for 127.0.0.1 at 2013-12-31 15:45:08 +0200
Processing by UsersController#create as HTML
  Parameters: {"utf8"=>"✓", "authenticity_token"=>"OJDVvoURn5poEYXDhd25Jhma7x9l/lgotx/WqmjeQKA=", "user"=>{"email"=>"", "password"=>"[FILTERED]", "password_confirmation"=>"[FILTERED]"}, "commit"=>"Create User"}
  [1m[35m (0.0ms)[0m  begin transaction
  [1m[36mUser Exists (1.0ms)[0m  [1mSELECT 1 AS one FROM "users" WHERE "users"."email" IS NULL LIMIT 1[0m
  [1m[35m (0.0ms)[0m  rollback transaction
  Rendered users/new.html.erb within layouts/application (4.0ms)
Completed 200 OK in 14ms (Views: 10.0ms | ActiveRecord: 1.0ms)


Started GET "/assets/application.css?body=1" for 127.0.0.1 at 2013-12-31 15:45:08 +0200


Started GET "/assets/users.js?body=1" for 127.0.0.1 at 2013-12-31 15:45:08 +0200


Started GET "/assets/users.css?body=1" for 127.0.0.1 at 2013-12-31 15:45:08 +0200


Started GET "/assets/application.js?body=1" for 127.0.0.1 at 2013-12-31 15:45:08 +0200


Started GET "/users" for 127.0.0.1 at 2013-12-31 15:45:30 +0200

AbstractController::ActionNotFound (The action 'index' could not be found for UsersController):
  actionpack (4.0.2) lib/abstract_controller/base.rb:131:in `process'
  actionpack (4.0.2) lib/abstract_controller/rendering.rb:44:in `process'
  actionpack (4.0.2) lib/action_controller/metal.rb:195:in `dispatch'
  actionpack (4.0.2) lib/action_controller/metal/rack_delegation.rb:13:in `dispatch'
  actionpack (4.0.2) lib/action_controller/metal.rb:231:in `block in action'
  actionpack (4.0.2) lib/action_dispatch/routing/route_set.rb:80:in `call'
  actionpack (4.0.2) lib/action_dispatch/routing/route_set.rb:80:in `dispatch'
  actionpack (4.0.2) lib/action_dispatch/routing/route_set.rb:48:in `call'
  actionpack (4.0.2) lib/action_dispatch/journey/router.rb:71:in `block in call'
  actionpack (4.0.2) lib/action_dispatch/journey/router.rb:59:in `each'
  actionpack (4.0.2) lib/action_dispatch/journey/router.rb:59:in `call'
  actionpack (4.0.2) lib/action_dispatch/routing/route_set.rb:680:in `call'
  rack (1.5.2) lib/rack/etag.rb:23:in `call'
  rack (1.5.2) lib/rack/conditionalget.rb:25:in `call'
  rack (1.5.2) lib/rack/head.rb:11:in `call'
  actionpack (4.0.2) lib/action_dispatch/middleware/params_parser.rb:27:in `call'
  actionpack (4.0.2) lib/action_dispatch/middleware/flash.rb:241:in `call'
  rack (1.5.2) lib/rack/session/abstract/id.rb:225:in `context'
  rack (1.5.2) lib/rack/session/abstract/id.rb:220:in `call'
  actionpack (4.0.2) lib/action_dispatch/middleware/cookies.rb:486:in `call'
  activerecord (4.0.2) lib/active_record/query_cache.rb:36:in `call'
  activerecord (4.0.2) lib/active_record/connection_adapters/abstract/connection_pool.rb:626:in `call'
  activerecord (4.0.2) lib/active_record/migration.rb:369:in `call'
  actionpack (4.0.2) lib/action_dispatch/middleware/callbacks.rb:29:in `block in call'
  activesupport (4.0.2) lib/active_support/callbacks.rb:373:in `_run__43512053__call__callbacks'
  activesupport (4.0.2) lib/active_support/callbacks.rb:80:in `run_callbacks'
  actionpack (4.0.2) lib/action_dispatch/middleware/callbacks.rb:27:in `call'
  actionpack (4.0.2) lib/action_dispatch/middleware/reloader.rb:64:in `call'
  actionpack (4.0.2) lib/action_dispatch/middleware/remote_ip.rb:76:in `call'
  actionpack (4.0.2) lib/action_dispatch/middleware/debug_exceptions.rb:17:in `call'
  actionpack (4.0.2) lib/action_dispatch/middleware/show_exceptions.rb:30:in `call'
  railties (4.0.2) lib/rails/rack/logger.rb:38:in `call_app'
  railties (4.0.2) lib/rails/rack/logger.rb:20:in `block in call'
  activesupport (4.0.2) lib/active_support/tagged_logging.rb:67:in `block in tagged'
  activesupport (4.0.2) lib/active_support/tagged_logging.rb:25:in `tagged'
  activesupport (4.0.2) lib/active_support/tagged_logging.rb:67:in `tagged'
  railties (4.0.2) lib/rails/rack/logger.rb:20:in `call'
  actionpack (4.0.2) lib/action_dispatch/middleware/request_id.rb:21:in `call'
  rack (1.5.2) lib/rack/methodoverride.rb:21:in `call'
  rack (1.5.2) lib/rack/runtime.rb:17:in `call'
  activesupport (4.0.2) lib/active_support/cache/strategy/local_cache.rb:83:in `call'
  rack (1.5.2) lib/rack/lock.rb:17:in `call'
  actionpack (4.0.2) lib/action_dispatch/middleware/static.rb:64:in `call'
  rack (1.5.2) lib/rack/sendfile.rb:112:in `call'
  railties (4.0.2) lib/rails/engine.rb:511:in `call'
  railties (4.0.2) lib/rails/application.rb:97:in `call'
  rack (1.5.2) lib/rack/lock.rb:17:in `call'
  rack (1.5.2) lib/rack/content_length.rb:14:in `call'
  rack (1.5.2) lib/rack/handler/webrick.rb:60:in `service'
  D:/Ruby193/lib/ruby/1.9.1/webrick/httpserver.rb:138:in `service'
  D:/Ruby193/lib/ruby/1.9.1/webrick/httpserver.rb:94:in `run'
  D:/Ruby193/lib/ruby/1.9.1/webrick/server.rb:191:in `block in start_thread'


  Rendered D:/Ruby193/lib/ruby/gems/1.9.1/gems/actionpack-4.0.2/lib/action_dispatch/middleware/templates/rescues/unknown_action.erb within rescues/layout (1.0ms)


Started GET "/" for 127.0.0.1 at 2013-12-31 15:45:33 +0200
Processing by UsersController#new as HTML
  Rendered users/new.html.erb within layouts/application (6.0ms)
Completed 200 OK in 17ms (Views: 12.0ms | ActiveRecord: 1.0ms)


Started GET "/assets/users.js?body=1" for 127.0.0.1 at 2013-12-31 15:45:33 +0200


Started GET "/assets/application.css?body=1" for 127.0.0.1 at 2013-12-31 15:45:33 +0200


Started GET "/assets/application.js?body=1" for 127.0.0.1 at 2013-12-31 15:45:33 +0200


Started GET "/assets/users.css?body=1" for 127.0.0.1 at 2013-12-31 15:45:33 +0200


Started POST "/users" for 127.0.0.1 at 2013-12-31 15:45:36 +0200
Processing by UsersController#create as HTML
  Parameters: {"utf8"=>"✓", "authenticity_token"=>"OJDVvoURn5poEYXDhd25Jhma7x9l/lgotx/WqmjeQKA=", "user"=>{"email"=>"", "password"=>"[FILTERED]", "password_confirmation"=>"[FILTERED]"}, "commit"=>"Create User"}
  [1m[36m (0.0ms)[0m  [1mbegin transaction[0m
  [1m[35mUser Exists (0.0ms)[0m  SELECT 1 AS one FROM "users" WHERE "users"."email" = '' LIMIT 1
  [1m[36m (0.0ms)[0m  [1mrollback transaction[0m
  Rendered users/new.html.erb within layouts/application (4.0ms)
Completed 200 OK in 17ms (Views: 9.0ms | ActiveRecord: 0.0ms)


Started GET "/assets/application.css?body=1" for 127.0.0.1 at 2013-12-31 15:45:36 +0200


Started GET "/assets/users.css?body=1" for 127.0.0.1 at 2013-12-31 15:45:36 +0200


Started GET "/assets/application.js?body=1" for 127.0.0.1 at 2013-12-31 15:45:36 +0200


Started GET "/assets/users.js?body=1" for 127.0.0.1 at 2013-12-31 15:45:36 +0200


Started POST "/users" for 127.0.0.1 at 2013-12-31 15:45:38 +0200
Processing by UsersController#create as HTML
  Parameters: {"utf8"=>"✓", "authenticity_token"=>"OJDVvoURn5poEYXDhd25Jhma7x9l/lgotx/WqmjeQKA=", "user"=>{"email"=>"a", "password"=>"[FILTERED]", "password_confirmation"=>"[FILTERED]"}, "commit"=>"Create User"}
  [1m[35m (0.0ms)[0m  begin transaction
  [1m[36mUser Exists (0.0ms)[0m  [1mSELECT 1 AS one FROM "users" WHERE "users"."email" = 'a' LIMIT 1[0m
  [1m[35m (0.0ms)[0m  rollback transaction
  Rendered users/new.html.erb within layouts/application (2.0ms)
Completed 200 OK in 12ms (Views: 8.0ms | ActiveRecord: 0.0ms)


Started GET "/assets/application.css?body=1" for 127.0.0.1 at 2013-12-31 15:45:38 +0200


Started GET "/assets/users.css?body=1" for 127.0.0.1 at 2013-12-31 15:45:38 +0200


Started GET "/assets/users.js?body=1" for 127.0.0.1 at 2013-12-31 15:45:38 +0200


Started GET "/assets/application.js?body=1" for 127.0.0.1 at 2013-12-31 15:45:38 +0200


Started POST "/users" for 127.0.0.1 at 2013-12-31 15:46:19 +0200
Processing by UsersController#create as HTML
  Parameters: {"utf8"=>"✓", "authenticity_token"=>"OJDVvoURn5poEYXDhd25Jhma7x9l/lgotx/WqmjeQKA=", "user"=>{"email"=>"test@email.com", "password"=>"[FILTERED]", "password_confirmation"=>"[FILTERED]"}, "commit"=>"Create User"}
  [1m[36m (0.0ms)[0m  [1mbegin transaction[0m
  [1m[35mUser Exists (0.0ms)[0m  SELECT 1 AS one FROM "users" WHERE "users"."email" = 'test@email.com' LIMIT 1
  [1m[36m (0.0ms)[0m  [1mrollback transaction[0m
Completed 500 Internal Server Error in 5ms

NameError (uninitialized constant User::BCrypt):
  app/models/user.rb:12:in `encrypt_password'
  app/controllers/users_controller.rb:8:in `create'


  Rendered D:/Ruby193/lib/ruby/gems/1.9.1/gems/actionpack-4.0.2/lib/action_dispatch/middleware/templates/rescues/_source.erb (1.0ms)
  Rendered D:/Ruby193/lib/ruby/gems/1.9.1/gems/actionpack-4.0.2/lib/action_dispatch/middleware/templates/rescues/_trace.erb (2.0ms)
  Rendered D:/Ruby193/lib/ruby/gems/1.9.1/gems/actionpack-4.0.2/lib/action_dispatch/middleware/templates/rescues/_request_and_response.erb (2.0ms)
  Rendered D:/Ruby193/lib/ruby/gems/1.9.1/gems/actionpack-4.0.2/lib/action_dispatch/middleware/templates/rescues/diagnostics.erb within rescues/layout (36.0ms)


Started GET "/assets/application.css?body=1" for 127.0.0.1 at 2013-12-31 15:47:28 +0200
  [1m[36mActiveRecord::SchemaMigration Load (1.0ms)[0m  [1mSELECT "schema_migrations".* FROM "schema_migrations"[0m


Started GET "/assets/users.js?body=1" for 127.0.0.1 at 2013-12-31 15:47:29 +0200


Started GET "/assets/application.js?body=1" for 127.0.0.1 at 2013-12-31 15:47:29 +0200


Started GET "/assets/users.css?body=1" for 127.0.0.1 at 2013-12-31 15:47:29 +0200


Started POST "/users" for 127.0.0.1 at 2013-12-31 15:47:34 +0200
Processing by UsersController#create as HTML
  Parameters: {"utf8"=>"✓", "authenticity_token"=>"OJDVvoURn5poEYXDhd25Jhma7x9l/lgotx/WqmjeQKA=", "user"=>{"email"=>"test@email.com", "password"=>"[FILTERED]", "password_confirmation"=>"[FILTERED]"}, "commit"=>"Create User"}
  [1m[35m (0.0ms)[0m  begin transaction
  [1m[36mUser Exists (0.0ms)[0m  [1mSELECT 1 AS one FROM "users" WHERE "users"."email" = 'test@email.com' LIMIT 1[0m
  [1m[35m (0.0ms)[0m  rollback transaction
Completed 500 Internal Server Error in 91ms

NoMethodError (undefined method `password_salt=' for #<User:0x39db438>):
  app/models/user.rb:12:in `encrypt_password'
  app/controllers/users_controller.rb:8:in `create'


  Rendered D:/Ruby193/lib/ruby/gems/1.9.1/gems/actionpack-4.0.2/lib/action_dispatch/middleware/templates/rescues/_source.erb (1.0ms)
  Rendered D:/Ruby193/lib/ruby/gems/1.9.1/gems/actionpack-4.0.2/lib/action_dispatch/middleware/templates/rescues/_trace.erb (2.0ms)
  Rendered D:/Ruby193/lib/ruby/gems/1.9.1/gems/actionpack-4.0.2/lib/action_dispatch/middleware/templates/rescues/_request_and_response.erb (1.0ms)
  Rendered D:/Ruby193/lib/ruby/gems/1.9.1/gems/actionpack-4.0.2/lib/action_dispatch/middleware/templates/rescues/diagnostics.erb within rescues/layout (36.0ms)
  [1m[36mActiveRecord::SchemaMigration Load (0.0ms)[0m  [1mSELECT "schema_migrations".* FROM "schema_migrations"[0m
Migrating to CreateUsers (20131231134942)
  [1m[35m (0.0ms)[0m  begin transaction
  [1m[36m (1.0ms)[0m  [1mCREATE TABLE "users" ("id" INTEGER PRIMARY KEY AUTOINCREMENT NOT NULL, "email" varchar(255), "password_hash" varchar(255), "password_salt" varchar(255), "created_at" datetime, "updated_at" datetime) [0m
SQLite3::SQLException: table "users" already exists: CREATE TABLE "users" ("id" INTEGER PRIMARY KEY AUTOINCREMENT NOT NULL, "email" varchar(255), "password_hash" varchar(255), "password_salt" varchar(255), "created_at" datetime, "updated_at" datetime) 
  [1m[35m (0.0ms)[0m  rollback transaction
  [1m[36m (111.0ms)[0m  [1mCREATE TABLE "schema_migrations" ("version" varchar(255) NOT NULL) [0m
  [1m[35m (74.0ms)[0m  CREATE UNIQUE INDEX "unique_schema_migrations" ON "schema_migrations" ("version")
  [1m[36mActiveRecord::SchemaMigration Load (0.0ms)[0m  [1mSELECT "schema_migrations".* FROM "schema_migrations"[0m
Migrating to CreateUsers (20131231135025)
  [1m[35m (0.0ms)[0m  begin transaction
  [1m[36m (2.0ms)[0m  [1mCREATE TABLE "users" ("id" INTEGER PRIMARY KEY AUTOINCREMENT NOT NULL, "email" varchar(255), "password_hash" varchar(255), "password_salt" varchar(255), "created_at" datetime, "updated_at" datetime) [0m
  [1m[35mSQL (0.0ms)[0m  INSERT INTO "schema_migrations" ("version") VALUES (?)  [["version", "20131231135025"]]
  [1m[36m (76.0ms)[0m  [1mcommit transaction[0m
  [1m[35mActiveRecord::SchemaMigration Load (0.0ms)[0m  SELECT "schema_migrations".* FROM "schema_migrations"


Started GET "/users" for 127.0.0.1 at 2013-12-31 15:55:26 +0200
  [1m[36mActiveRecord::SchemaMigration Load (0.0ms)[0m  [1mSELECT "schema_migrations".* FROM "schema_migrations"[0m

AbstractController::ActionNotFound (The action 'index' could not be found for UsersController):
  actionpack (4.0.2) lib/abstract_controller/base.rb:131:in `process'
  actionpack (4.0.2) lib/abstract_controller/rendering.rb:44:in `process'
  actionpack (4.0.2) lib/action_controller/metal.rb:195:in `dispatch'
  actionpack (4.0.2) lib/action_controller/metal/rack_delegation.rb:13:in `dispatch'
  actionpack (4.0.2) lib/action_controller/metal.rb:231:in `block in action'
  actionpack (4.0.2) lib/action_dispatch/routing/route_set.rb:80:in `call'
  actionpack (4.0.2) lib/action_dispatch/routing/route_set.rb:80:in `dispatch'
  actionpack (4.0.2) lib/action_dispatch/routing/route_set.rb:48:in `call'
  actionpack (4.0.2) lib/action_dispatch/journey/router.rb:71:in `block in call'
  actionpack (4.0.2) lib/action_dispatch/journey/router.rb:59:in `each'
  actionpack (4.0.2) lib/action_dispatch/journey/router.rb:59:in `call'
  actionpack (4.0.2) lib/action_dispatch/routing/route_set.rb:680:in `call'
  rack (1.5.2) lib/rack/etag.rb:23:in `call'
  rack (1.5.2) lib/rack/conditionalget.rb:25:in `call'
  rack (1.5.2) lib/rack/head.rb:11:in `call'
  actionpack (4.0.2) lib/action_dispatch/middleware/params_parser.rb:27:in `call'
  actionpack (4.0.2) lib/action_dispatch/middleware/flash.rb:241:in `call'
  rack (1.5.2) lib/rack/session/abstract/id.rb:225:in `context'
  rack (1.5.2) lib/rack/session/abstract/id.rb:220:in `call'
  actionpack (4.0.2) lib/action_dispatch/middleware/cookies.rb:486:in `call'
  activerecord (4.0.2) lib/active_record/query_cache.rb:36:in `call'
  activerecord (4.0.2) lib/active_record/connection_adapters/abstract/connection_pool.rb:626:in `call'
  activerecord (4.0.2) lib/active_record/migration.rb:369:in `call'
  actionpack (4.0.2) lib/action_dispatch/middleware/callbacks.rb:29:in `block in call'
  activesupport (4.0.2) lib/active_support/callbacks.rb:373:in `_run__89261998__call__callbacks'
  activesupport (4.0.2) lib/active_support/callbacks.rb:80:in `run_callbacks'
  actionpack (4.0.2) lib/action_dispatch/middleware/callbacks.rb:27:in `call'
  actionpack (4.0.2) lib/action_dispatch/middleware/reloader.rb:64:in `call'
  actionpack (4.0.2) lib/action_dispatch/middleware/remote_ip.rb:76:in `call'
  actionpack (4.0.2) lib/action_dispatch/middleware/debug_exceptions.rb:17:in `call'
  actionpack (4.0.2) lib/action_dispatch/middleware/show_exceptions.rb:30:in `call'
  railties (4.0.2) lib/rails/rack/logger.rb:38:in `call_app'
  railties (4.0.2) lib/rails/rack/logger.rb:20:in `block in call'
  activesupport (4.0.2) lib/active_support/tagged_logging.rb:67:in `block in tagged'
  activesupport (4.0.2) lib/active_support/tagged_logging.rb:25:in `tagged'
  activesupport (4.0.2) lib/active_support/tagged_logging.rb:67:in `tagged'
  railties (4.0.2) lib/rails/rack/logger.rb:20:in `call'
  actionpack (4.0.2) lib/action_dispatch/middleware/request_id.rb:21:in `call'
  rack (1.5.2) lib/rack/methodoverride.rb:21:in `call'
  rack (1.5.2) lib/rack/runtime.rb:17:in `call'
  activesupport (4.0.2) lib/active_support/cache/strategy/local_cache.rb:83:in `call'
  rack (1.5.2) lib/rack/lock.rb:17:in `call'
  actionpack (4.0.2) lib/action_dispatch/middleware/static.rb:64:in `call'
  rack (1.5.2) lib/rack/sendfile.rb:112:in `call'
  railties (4.0.2) lib/rails/engine.rb:511:in `call'
  railties (4.0.2) lib/rails/application.rb:97:in `call'
  rack (1.5.2) lib/rack/lock.rb:17:in `call'
  rack (1.5.2) lib/rack/content_length.rb:14:in `call'
  rack (1.5.2) lib/rack/handler/webrick.rb:60:in `service'
  D:/Ruby193/lib/ruby/1.9.1/webrick/httpserver.rb:138:in `service'
  D:/Ruby193/lib/ruby/1.9.1/webrick/httpserver.rb:94:in `run'
  D:/Ruby193/lib/ruby/1.9.1/webrick/server.rb:191:in `block in start_thread'


  Rendered D:/Ruby193/lib/ruby/gems/1.9.1/gems/actionpack-4.0.2/lib/action_dispatch/middleware/templates/rescues/unknown_action.erb within rescues/layout (5.0ms)


Started GET "/assets/users.js?body=1" for 127.0.0.1 at 2013-12-31 15:55:28 +0200


Started GET "/assets/application.css?body=1" for 127.0.0.1 at 2013-12-31 15:55:28 +0200


Started GET "/assets/application.js?body=1" for 127.0.0.1 at 2013-12-31 15:55:28 +0200


Started GET "/assets/users.css?body=1" for 127.0.0.1 at 2013-12-31 15:55:28 +0200


Started POST "/users" for 127.0.0.1 at 2013-12-31 15:55:34 +0200
Processing by UsersController#create as HTML
  Parameters: {"utf8"=>"✓", "authenticity_token"=>"OJDVvoURn5poEYXDhd25Jhma7x9l/lgotx/WqmjeQKA=", "user"=>{"email"=>"test@email.com", "password"=>"[FILTERED]", "password_confirmation"=>"[FILTERED]"}, "commit"=>"Create User"}
Completed 500 Internal Server Error in 37ms

ActiveRecord::UnknownAttributeError (unknown attribute: password):
  app/controllers/users_controller.rb:7:in `create'


  Rendered D:/Ruby193/lib/ruby/gems/1.9.1/gems/actionpack-4.0.2/lib/action_dispatch/middleware/templates/rescues/_source.erb (1.0ms)
  Rendered D:/Ruby193/lib/ruby/gems/1.9.1/gems/actionpack-4.0.2/lib/action_dispatch/middleware/templates/rescues/_trace.erb (1.0ms)
  Rendered D:/Ruby193/lib/ruby/gems/1.9.1/gems/actionpack-4.0.2/lib/action_dispatch/middleware/templates/rescues/_request_and_response.erb (1.0ms)
  Rendered D:/Ruby193/lib/ruby/gems/1.9.1/gems/actionpack-4.0.2/lib/action_dispatch/middleware/templates/rescues/diagnostics.erb within rescues/layout (31.0ms)


Started POST "/users" for 127.0.0.1 at 2013-12-31 15:58:18 +0200
Processing by UsersController#create as HTML
  Parameters: {"utf8"=>"✓", "authenticity_token"=>"OJDVvoURn5poEYXDhd25Jhma7x9l/lgotx/WqmjeQKA=", "user"=>{"email"=>"test@email.com", "password"=>"[FILTERED]", "password_confirmation"=>"[FILTERED]"}, "commit"=>"Create User"}
  [1m[35m (0.0ms)[0m  begin transaction
  [1m[36mUser Exists (0.0ms)[0m  [1mSELECT 1 AS one FROM "users" WHERE "users"."email" = 'test@email.com' LIMIT 1[0m
Binary data inserted for `string` type on column `password_hash`
Binary data inserted for `string` type on column `password_salt`
  [1m[35mSQL (63.0ms)[0m  INSERT INTO "users" ("created_at", "email", "password_hash", "password_salt", "updated_at") VALUES (?, ?, ?, ?, ?)  [["created_at", Tue, 31 Dec 2013 13:58:18 UTC +00:00], ["email", "test@email.com"], ["password_hash", "$2a$10$gEQxkRqFA3J/WEDqdzmJ6.Ja4LXqy4sWYy0MP2SjM6jHQeH9ovg3S"], ["password_salt", "$2a$10$gEQxkRqFA3J/WEDqdzmJ6."], ["updated_at", Tue, 31 Dec 2013 13:58:18 UTC +00:00]]
  [1m[36m (103.0ms)[0m  [1mcommit transaction[0m
Redirected to http://localhost:3000/
Completed 302 Found in 288ms (ActiveRecord: 167.0ms)


Started GET "/" for 127.0.0.1 at 2013-12-31 15:58:18 +0200
Processing by UsersController#new as HTML
  Rendered users/new.html.erb within layouts/application (220.0ms)
Completed 200 OK in 384ms (Views: 383.0ms | ActiveRecord: 0.0ms)


Started GET "/assets/users.js?body=1" for 127.0.0.1 at 2013-12-31 15:58:19 +0200


Started GET "/assets/application.css?body=1" for 127.0.0.1 at 2013-12-31 15:58:19 +0200


Started GET "/assets/users.css?body=1" for 127.0.0.1 at 2013-12-31 15:58:19 +0200


Started GET "/assets/application.js?body=1" for 127.0.0.1 at 2013-12-31 15:58:19 +0200
